# JRE version: Java(TM) SE Runtime Environment (8.0_91-b15) (build 1.8.0_91-b15)
# Java VM: Java HotSpot(TM) Client VM (25.91-b15 mixed mode windows-x86 )
Heap:
 def new generation   total 31744K, used 24399K [0x03800000, 0x05a70000, 0x08d50000)
  eden space 28224K,  74% used [0x03800000, 0x04c985b0, 0x05390000)
  from space 3520K,  94% used [0x05390000, 0x056cb9e0, 0x05700000)
  to   space 3520K,   0% used [0x05700000, 0x05700000, 0x05a70000)
 tenured generation   total 70364K, used 66548K [0x08d50000, 0x0d207000, 0x13800000)
   the space 70364K,  94% used [0x08d50000, 0x0ce4d348, 0x0ce4d400, 0x0d207000)
 Metaspace       used 40608K, capacity 42514K, committed 42624K, reserved 43392K
GC Heap History (10 events):
Event: 2804.617 GC heap before
{Heap before GC invocations=168 (full 7):
 def new generation   total 31744K, used 30986K [0x03800000, 0x05a70000, 0x08d50000)
  eden space 28224K, 100% used [0x03800000, 0x05390000, 0x05390000)
  from space 3520K,  78% used [0x05700000, 0x059b28d8, 0x05a70000)
  to   space 3520K,   0% used [0x05390000, 0x05390000, 0x05700000)
 tenured generation   total 70364K, used 64677K [0x08d50000, 0x0d207000, 0x13800000)
   the space 70364K,  91% used [0x08d50000, 0x0cc794b8, 0x0cc79600, 0x0d207000)
 Metaspace       used 40549K, capacity 42339K, committed 42368K, reserved 42368K
Event: 2804.629 GC heap after
Heap after GC invocations=169 (full 7):
 def new generation   total 31744K, used 2704K [0x03800000, 0x05a70000, 0x08d50000)
  eden space 28224K,   0% used [0x03800000, 0x03800000, 0x05390000)
  from space 3520K,  76% used [0x05390000, 0x05634330, 0x05700000)
  to   space 3520K,   0% used [0x05700000, 0x05700000, 0x05a70000)
 tenured generation   total 70364K, used 65065K [0x08d50000, 0x0d207000, 0x13800000)
   the space 70364K,  92% used [0x08d50000, 0x0ccda6a8, 0x0ccda800, 0x0d207000)
 Metaspace       used 40549K, capacity 42339K, committed 42368K, reserved 42368K
}
Event: 2828.988 GC heap before
{Heap before GC invocations=169 (full 7):
 def new generation   total 31744K, used 30928K [0x03800000, 0x05a70000, 0x08d50000)
  eden space 28224K, 100% used [0x03800000, 0x05390000, 0x05390000)
  from space 3520K,  76% used [0x05390000, 0x05634330, 0x05700000)
  to   space 3520K,   0% used [0x05700000, 0x05700000, 0x05a70000)
 tenured generation   total 70364K, used 65065K [0x08d50000, 0x0d207000, 0x13800000)
   the space 70364K,  92% used [0x08d50000, 0x0ccda6a8, 0x0ccda800, 0x0d207000)
 Metaspace       used 40558K, capacity 42373K, committed 42496K, reserved 43392K
Event: 2829.004 GC heap after
Heap after GC invocations=170 (full 7):
 def new generation   total 31744K, used 2668K [0x03800000, 0x05a70000, 0x08d50000)
  eden space 28224K,   0% used [0x03800000, 0x03800000, 0x05390000)
  from space 3520K,  75% used [0x05700000, 0x0599b080, 0x05a70000)
  to   space 3520K,   0% used [0x05390000, 0x05390000, 0x05700000)
 tenured generation   total 70364K, used 65414K [0x08d50000, 0x0d207000, 0x13800000)
   the space 70364K,  92% used [0x08d50000, 0x0cd31b68, 0x0cd31c00, 0x0d207000)
 Metaspace       used 40558K, capacity 42373K, committed 42496K, reserved 43392K
}
Event: 2842.512 GC heap before
{Heap before GC invocations=170 (full 7):
 def new generation   total 31744K, used 30892K [0x03800000, 0x05a70000, 0x08d50000)
  eden space 28224K, 100% used [0x03800000, 0x05390000, 0x05390000)
  from space 3520K,  75% used [0x05700000, 0x0599b080, 0x05a70000)
  to   space 3520K,   0% used [0x05390000, 0x05390000, 0x05700000)
 tenured generation   total 70364K, used 65414K [0x08d50000, 0x0d207000, 0x13800000)
   the space 70364K,  92% used [0x08d50000, 0x0cd31b68, 0x0cd31c00, 0x0d207000)
 Metaspace       used 40570K, capacity 42412K, committed 42496K, reserved 43392K
Event: 2842.528 GC heap after
Heap after GC invocations=171 (full 7):
 def new generation   total 31744K, used 2673K [0x03800000, 0x05a70000, 0x08d50000)
  eden space 28224K,   0% used [0x03800000, 0x03800000, 0x05390000)
  from space 3520K,  75% used [0x05390000, 0x0562c498, 0x05700000)
  to   space 3520K,   0% used [0x05700000, 0x05700000, 0x05a70000)
 tenured generation   total 70364K, used 65792K [0x08d50000, 0x0d207000, 0x13800000)
   the space 70364K,  93% used [0x08d50000, 0x0cd901f8, 0x0cd90200, 0x0d207000)
 Metaspace       used 40570K, capacity 42412K, committed 42496K, reserved 43392K
}
Event: 2850.454 GC heap before
{Heap before GC invocations=171 (full 7):
 def new generation   total 31744K, used 30897K [0x03800000, 0x05a70000, 0x08d50000)
  eden space 28224K, 100% used [0x03800000, 0x05390000, 0x05390000)
  from space 3520K,  75% used [0x05390000, 0x0562c498, 0x05700000)
  to   space 3520K,   0% used [0x05700000, 0x05700000, 0x05a70000)
 tenured generation   total 70364K, used 65792K [0x08d50000, 0x0d207000, 0x13800000)
   the space 70364K,  93% used [0x08d50000, 0x0cd901f8, 0x0cd90200, 0x0d207000)
 Metaspace       used 40579K, capacity 42446K, committed 42496K, reserved 43392K
Event: 2850.469 GC heap after
Heap after GC invocations=172 (full 7):
 def new generation   total 31744K, used 2707K [0x03800000, 0x05a70000, 0x08d50000)
  eden space 28224K,   0% used [0x03800000, 0x03800000, 0x05390000)
  from space 3520K,  76% used [0x05700000, 0x059a4d58, 0x05a70000)
  to   space 3520K,   0% used [0x05390000, 0x05390000, 0x05700000)
 tenured generation   total 70364K, used 66136K [0x08d50000, 0x0d207000, 0x13800000)
   the space 70364K,  93% used [0x08d50000, 0x0cde62e0, 0x0cde6400, 0x0d207000)
 Metaspace       used 40579K, capacity 42446K, committed 42496K, reserved 43392K
}
Event: 2872.987 GC heap before
{Heap before GC invocations=172 (full 7):
 def new generation   total 31744K, used 30931K [0x03800000, 0x05a70000, 0x08d50000)
  eden space 28224K, 100% used [0x03800000, 0x05390000, 0x05390000)
  from space 3520K,  76% used [0x05700000, 0x059a4d58, 0x05a70000)
  to   space 3520K,   0% used [0x05390000, 0x05390000, 0x05700000)
 tenured generation   total 70364K, used 66136K [0x08d50000, 0x0d207000, 0x13800000)
   the space 70364K,  93% used [0x08d50000, 0x0cde62e0, 0x0cde6400, 0x0d207000)
 Metaspace       used 40589K, capacity 42480K, committed 42496K, reserved 43392K
Event: 2873.000 GC heap after
Heap after GC invocations=173 (full 7):
 def new generation   total 31744K, used 3310K [0x03800000, 0x05a70000, 0x08d50000)
  eden space 28224K,   0% used [0x03800000, 0x03800000, 0x05390000)
  from space 3520K,  94% used [0x05390000, 0x056cb9e0, 0x05700000)
  to   space 3520K,   0% used [0x05700000, 0x05700000, 0x05a70000)
 tenured generation   total 70364K, used 66548K [0x08d50000, 0x0d207000, 0x13800000)
   the space 70364K,  94% used [0x08d50000, 0x0ce4d348, 0x0ce4d400, 0x0d207000)
 Metaspace       used 40589K, capacity 42480K, committed 42496K, reserved 43392K
}

